

Microchip MPLAB XC8 Assembler V2.40 build 20220703182018 
                                                                                               Wed Jan 25 23:16:04 2023

Microchip MPLAB XC8 C Compiler v2.40 (Free license) build 20220703182018 Og1 
     1                           	processor	16F887
     2                           	pagewidth 120
     3                           	opt	flic
     4                           	psect	idataBANK0,global,class=CODE,delta=2,noexec
     5                           	psect	cinit,global,class=CODE,merge=1,delta=2
     6                           	psect	dataBANK0,global,class=BANK0,space=1,delta=1,noexec
     7                           	psect	inittext,global,class=CODE,delta=2
     8                           	psect	cstackCOMMON,global,class=COMMON,space=1,delta=1,noexec
     9                           	psect	cstackBANK0,global,class=BANK0,space=1,delta=1,noexec
    10                           	psect	maintext,global,class=CODE,split=1,delta=2
    11                           	psect	text1,local,class=CODE,merge=1,delta=2
    12                           	psect	text2,local,class=CODE,merge=1,delta=2,group=1
    13                           	psect	text3,local,class=CODE,merge=1,delta=2,group=1
    14                           	psect	text4,local,class=CODE,merge=1,delta=2
    15                           	psect	text5,local,class=CODE,merge=1,delta=2
    16                           	psect	text6,local,class=CODE,merge=1,delta=2
    17                           	psect	intentry,global,class=CODE,delta=2
    18                           	psect	idloc,global,abs,ovrld,class=IDLOC,space=5,delta=2,noexec
    19                           	psect	config,global,abs,ovrld,class=CONFIG,space=4,delta=2,noexec
    20                           	dabs	1,0x7E,2
    21     0000                     
    22                           ; Version 2.40
    23                           ; Generated 17/11/2021 GMT
    24                           ; 
    25                           ; Copyright © 2021, Microchip Technology Inc. and its subsidiaries ("Microchip")
    26                           ; All rights reserved.
    27                           ; 
    28                           ; This software is developed by Microchip Technology Inc. and its subsidiaries ("Microch
      +                          ip").
    29                           ; 
    30                           ; Redistribution and use in source and binary forms, with or without modification, are
    31                           ; permitted provided that the following conditions are met:
    32                           ; 
    33                           ;     1. Redistributions of source code must retain the above copyright notice, this lis
      +                          t of
    34                           ;        conditions and the following disclaimer.
    35                           ; 
    36                           ;     2. Redistributions in binary form must reproduce the above copyright notice, this 
      +                          list
    37                           ;        of conditions and the following disclaimer in the documentation and/or other
    38                           ;        materials provided with the distribution. Publication is not required when
    39                           ;        this file is used in an embedded application.
    40                           ; 
    41                           ;     3. Microchip's name may not be used to endorse or promote products derived from th
      +                          is
    42                           ;        software without specific prior written permission.
    43                           ; 
    44                           ; THIS SOFTWARE IS PROVIDED BY MICROCHIP "AS IS" AND ANY EXPRESS OR IMPLIED WARRANTIES,
    45                           ; INCLUDING, BUT NOT LIMITED TO, THE IMPLIED WARRANTIES OF MERCHANTABILITY AND FITNESS F
      +                          OR
    46                           ; PURPOSE ARE DISCLAIMED.  IN NO EVENT SHALL MICROCHIP BE LIABLE FOR ANY DIRECT, INDIREC
      +                          T,
    47                           ; INCIDENTAL, SPECIAL, EXEMPLARY, OR CONSEQUENTIAL DAMAGES (INCLUDING BUT NOT LIMITED TO
    48                           ; PROCUREMENT OF SUBSTITUTE GOODS OR SERVICES; LOSS OF USE, DATA OR PROFITS; OR BUSINESS
    49                           ; INTERRUPTION) HOWSOEVER CAUSED AND ON ANY THEORY OF LIABILITY, WHETHER IN CONTRACT, ST
      +                          RICT
    50                           ; LIABILITY, OR TORT (INCLUDING NEGLIGENCE OR OTHERWISE) ARISING IN ANY WAY OUT OF THE U
      +                          SE OF
    51                           ; THIS SOFTWARE, EVEN IF ADVISED OF THE POSSIBILITY OF SUCH DAMAGE.
    52                           ; 
    53                           ; 
    54                           ; Code-generator required, PIC16F887 Definitions
    55                           ; 
    56                           ; SFR Addresses
    57     0000                     	;# 
    58     0001                     	;# 
    59     0002                     	;# 
    60     0003                     	;# 
    61     0004                     	;# 
    62     0005                     	;# 
    63     0006                     	;# 
    64     0007                     	;# 
    65     0008                     	;# 
    66     0009                     	;# 
    67     000A                     	;# 
    68     000B                     	;# 
    69     000C                     	;# 
    70     000D                     	;# 
    71     000E                     	;# 
    72     000E                     	;# 
    73     000F                     	;# 
    74     0010                     	;# 
    75     0011                     	;# 
    76     0012                     	;# 
    77     0013                     	;# 
    78     0014                     	;# 
    79     0015                     	;# 
    80     0015                     	;# 
    81     0016                     	;# 
    82     0017                     	;# 
    83     0018                     	;# 
    84     0019                     	;# 
    85     001A                     	;# 
    86     001B                     	;# 
    87     001B                     	;# 
    88     001C                     	;# 
    89     001D                     	;# 
    90     001E                     	;# 
    91     001F                     	;# 
    92     0081                     	;# 
    93     0085                     	;# 
    94     0086                     	;# 
    95     0087                     	;# 
    96     0088                     	;# 
    97     0089                     	;# 
    98     008C                     	;# 
    99     008D                     	;# 
   100     008E                     	;# 
   101     008F                     	;# 
   102     0090                     	;# 
   103     0091                     	;# 
   104     0092                     	;# 
   105     0093                     	;# 
   106     0093                     	;# 
   107     0093                     	;# 
   108     0094                     	;# 
   109     0095                     	;# 
   110     0096                     	;# 
   111     0097                     	;# 
   112     0098                     	;# 
   113     0099                     	;# 
   114     009A                     	;# 
   115     009B                     	;# 
   116     009C                     	;# 
   117     009D                     	;# 
   118     009E                     	;# 
   119     009F                     	;# 
   120     0105                     	;# 
   121     0107                     	;# 
   122     0108                     	;# 
   123     0109                     	;# 
   124     010C                     	;# 
   125     010C                     	;# 
   126     010D                     	;# 
   127     010E                     	;# 
   128     010F                     	;# 
   129     0185                     	;# 
   130     0187                     	;# 
   131     0188                     	;# 
   132     0189                     	;# 
   133     018C                     	;# 
   134     018D                     	;# 
   135     0000                     	;# 
   136     0001                     	;# 
   137     0002                     	;# 
   138     0003                     	;# 
   139     0004                     	;# 
   140     0005                     	;# 
   141     0006                     	;# 
   142     0007                     	;# 
   143     0008                     	;# 
   144     0009                     	;# 
   145     000A                     	;# 
   146     000B                     	;# 
   147     000C                     	;# 
   148     000D                     	;# 
   149     000E                     	;# 
   150     000E                     	;# 
   151     000F                     	;# 
   152     0010                     	;# 
   153     0011                     	;# 
   154     0012                     	;# 
   155     0013                     	;# 
   156     0014                     	;# 
   157     0015                     	;# 
   158     0015                     	;# 
   159     0016                     	;# 
   160     0017                     	;# 
   161     0018                     	;# 
   162     0019                     	;# 
   163     001A                     	;# 
   164     001B                     	;# 
   165     001B                     	;# 
   166     001C                     	;# 
   167     001D                     	;# 
   168     001E                     	;# 
   169     001F                     	;# 
   170     0081                     	;# 
   171     0085                     	;# 
   172     0086                     	;# 
   173     0087                     	;# 
   174     0088                     	;# 
   175     0089                     	;# 
   176     008C                     	;# 
   177     008D                     	;# 
   178     008E                     	;# 
   179     008F                     	;# 
   180     0090                     	;# 
   181     0091                     	;# 
   182     0092                     	;# 
   183     0093                     	;# 
   184     0093                     	;# 
   185     0093                     	;# 
   186     0094                     	;# 
   187     0095                     	;# 
   188     0096                     	;# 
   189     0097                     	;# 
   190     0098                     	;# 
   191     0099                     	;# 
   192     009A                     	;# 
   193     009B                     	;# 
   194     009C                     	;# 
   195     009D                     	;# 
   196     009E                     	;# 
   197     009F                     	;# 
   198     0105                     	;# 
   199     0107                     	;# 
   200     0108                     	;# 
   201     0109                     	;# 
   202     010C                     	;# 
   203     010C                     	;# 
   204     010D                     	;# 
   205     010E                     	;# 
   206     010F                     	;# 
   207     0185                     	;# 
   208     0187                     	;# 
   209     0188                     	;# 
   210     0189                     	;# 
   211     018C                     	;# 
   212     018D                     	;# 
   213     0000                     	;# 
   214     0001                     	;# 
   215     0002                     	;# 
   216     0003                     	;# 
   217     0004                     	;# 
   218     0005                     	;# 
   219     0006                     	;# 
   220     0007                     	;# 
   221     0008                     	;# 
   222     0009                     	;# 
   223     000A                     	;# 
   224     000B                     	;# 
   225     000C                     	;# 
   226     000D                     	;# 
   227     000E                     	;# 
   228     000E                     	;# 
   229     000F                     	;# 
   230     0010                     	;# 
   231     0011                     	;# 
   232     0012                     	;# 
   233     0013                     	;# 
   234     0014                     	;# 
   235     0015                     	;# 
   236     0015                     	;# 
   237     0016                     	;# 
   238     0017                     	;# 
   239     0018                     	;# 
   240     0019                     	;# 
   241     001A                     	;# 
   242     001B                     	;# 
   243     001B                     	;# 
   244     001C                     	;# 
   245     001D                     	;# 
   246     001E                     	;# 
   247     001F                     	;# 
   248     0081                     	;# 
   249     0085                     	;# 
   250     0086                     	;# 
   251     0087                     	;# 
   252     0088                     	;# 
   253     0089                     	;# 
   254     008C                     	;# 
   255     008D                     	;# 
   256     008E                     	;# 
   257     008F                     	;# 
   258     0090                     	;# 
   259     0091                     	;# 
   260     0092                     	;# 
   261     0093                     	;# 
   262     0093                     	;# 
   263     0093                     	;# 
   264     0094                     	;# 
   265     0095                     	;# 
   266     0096                     	;# 
   267     0097                     	;# 
   268     0098                     	;# 
   269     0099                     	;# 
   270     009A                     	;# 
   271     009B                     	;# 
   272     009C                     	;# 
   273     009D                     	;# 
   274     009E                     	;# 
   275     009F                     	;# 
   276     0105                     	;# 
   277     0107                     	;# 
   278     0108                     	;# 
   279     0109                     	;# 
   280     010C                     	;# 
   281     010C                     	;# 
   282     010D                     	;# 
   283     010E                     	;# 
   284     010F                     	;# 
   285     0185                     	;# 
   286     0187                     	;# 
   287     0188                     	;# 
   288     0189                     	;# 
   289     018C                     	;# 
   290     018D                     	;# 
   291     0000                     	;# 
   292     0001                     	;# 
   293     0002                     	;# 
   294     0003                     	;# 
   295     0004                     	;# 
   296     0005                     	;# 
   297     0006                     	;# 
   298     0007                     	;# 
   299     0008                     	;# 
   300     0009                     	;# 
   301     000A                     	;# 
   302     000B                     	;# 
   303     000C                     	;# 
   304     000D                     	;# 
   305     000E                     	;# 
   306     000E                     	;# 
   307     000F                     	;# 
   308     0010                     	;# 
   309     0011                     	;# 
   310     0012                     	;# 
   311     0013                     	;# 
   312     0014                     	;# 
   313     0015                     	;# 
   314     0015                     	;# 
   315     0016                     	;# 
   316     0017                     	;# 
   317     0018                     	;# 
   318     0019                     	;# 
   319     001A                     	;# 
   320     001B                     	;# 
   321     001B                     	;# 
   322     001C                     	;# 
   323     001D                     	;# 
   324     001E                     	;# 
   325     001F                     	;# 
   326     0081                     	;# 
   327     0085                     	;# 
   328     0086                     	;# 
   329     0087                     	;# 
   330     0088                     	;# 
   331     0089                     	;# 
   332     008C                     	;# 
   333     008D                     	;# 
   334     008E                     	;# 
   335     008F                     	;# 
   336     0090                     	;# 
   337     0091                     	;# 
   338     0092                     	;# 
   339     0093                     	;# 
   340     0093                     	;# 
   341     0093                     	;# 
   342     0094                     	;# 
   343     0095                     	;# 
   344     0096                     	;# 
   345     0097                     	;# 
   346     0098                     	;# 
   347     0099                     	;# 
   348     009A                     	;# 
   349     009B                     	;# 
   350     009C                     	;# 
   351     009D                     	;# 
   352     009E                     	;# 
   353     009F                     	;# 
   354     0105                     	;# 
   355     0107                     	;# 
   356     0108                     	;# 
   357     0109                     	;# 
   358     010C                     	;# 
   359     010C                     	;# 
   360     010D                     	;# 
   361     010E                     	;# 
   362     010F                     	;# 
   363     0185                     	;# 
   364     0187                     	;# 
   365     0188                     	;# 
   366     0189                     	;# 
   367     018C                     	;# 
   368     018D                     	;# 
   369                           
   370                           	psect	idataBANK0
   371     01FF                     __pidataBANK0:
   372                           
   373                           ;initializer for setupMultiplex@F1296
   374     01FF  343F               	retlw	63
   375     0200  3400               	retlw	0
   376     0201  3406               	retlw	6
   377     0202  3400               	retlw	0
   378     0203  345B               	retlw	91
   379     0204  3400               	retlw	0
   380     0205  344F               	retlw	79
   381     0206  3400               	retlw	0
   382     0207  3466               	retlw	102
   383     0208  3400               	retlw	0
   384     0209  346D               	retlw	109
   385     020A  3400               	retlw	0
   386     020B  347D               	retlw	125
   387     020C  3400               	retlw	0
   388     020D  3407               	retlw	7
   389     020E  3400               	retlw	0
   390     020F  347F               	retlw	127
   391     0210  3400               	retlw	0
   392     0211  3467               	retlw	103
   393     0212  3400               	retlw	0
   394     0009                     _PORTE	set	9
   395     0007                     _PORTC	set	7
   396     0006                     _PORTB	set	6
   397     0009                     _PORTEbits	set	9
   398     001E                     _ADRESH	set	30
   399     001F                     _ADCON0bits	set	31
   400     0008                     _PORTD	set	8
   401     0006                     _PORTBbits	set	6
   402     000B                     _INTCONbits	set	11
   403     0066                     _ADIF	set	102
   404     009F                     _ADCON1bits	set	159
   405     0085                     _TRISAbits	set	133
   406     008F                     _OSCCONbits	set	143
   407     0096                     _IOCB	set	150
   408     0095                     _WPUBbits	set	149
   409     0081                     _OPTION_REGbits	set	129
   410     0089                     _TRISE	set	137
   411     0088                     _TRISD	set	136
   412     0087                     _TRISC	set	135
   413     0086                     _TRISB	set	134
   414     0188                     _ANSELbits	set	392
   415     0189                     _ANSELH	set	393
   416     0188                     _ANSEL	set	392
   417                           
   418                           	psect	cinit
   419     000F                     start_initialization:	
   420                           ; #config settings
   421                           
   422     000F                     __initialization:
   423                           
   424                           ; Initialize objects allocated to BANK0
   425     000F  1383               	bcf	3,7	;select IRP bank0
   426     0010  3056               	movlw	low (__pdataBANK0+20)
   427     0011  00FD               	movwf	btemp+-1
   428     0012  3001               	movlw	high __pidataBANK0
   429     0013  00FE               	movwf	btemp
   430     0014  30FF               	movlw	low __pidataBANK0
   431     0015  00FF               	movwf	btemp+1
   432     0016  3042               	movlw	low __pdataBANK0
   433     0017  0084               	movwf	4
   434     0018  120A  118A  2217  120A  118A  	fcall	init_ram0
   435     001D                     end_of_initialization:	
   436                           ;End of C runtime variable initialization code
   437                           
   438     001D                     __end_of__initialization:
   439     001D  0183               	clrf	3
   440     001E  120A  118A  298C   	ljmp	_main	;jump to C main() function
   441                           
   442                           	psect	dataBANK0
   443     0042                     __pdataBANK0:
   444     0042                     setupMultiplex@F1296:
   445     0042                     	ds	20
   446                           
   447                           	psect	inittext
   448     0213                     init_fetch0:	
   449                           ;	Called with low address in FSR and high address in W
   450                           
   451     0213  087E               	movf	btemp,w
   452     0214  008A               	movwf	10
   453     0215  087F               	movf	btemp+1,w
   454     0216  0082               	movwf	2
   455     0217                     init_ram0:	
   456                           ;Called with:
   457                           ;	high address of idata address in btemp 
   458                           ;	low address of idata address in btemp+1 
   459                           ;	low address of data in FSR
   460                           ;	high address + 1 of data in btemp-1
   461                           
   462     0217  120A  118A  2213  120A  118A  	fcall	init_fetch0
   463     021C  0080               	movwf	0
   464     021D  0A84               	incf	4,f
   465     021E  0804               	movf	4,w
   466     021F  067D               	xorwf	btemp+-1,w
   467     0220  1903               	btfsc	3,2
   468     0221  3400               	retlw	0
   469     0222  0AFF               	incf	btemp+1,f
   470     0223  1903               	btfsc	3,2
   471     0224  0AFE               	incf	btemp,f
   472     0225  2A17               	goto	init_ram0
   473                           
   474                           	psect	cstackCOMMON
   475     0070                     __pcstackCOMMON:
   476     0070                     ?_setup:
   477     0070                     ?_setupADC:	
   478                           ; 1 bytes @ 0x0
   479                           
   480     0070                     ?_setupMultiplex:	
   481                           ; 1 bytes @ 0x0
   482                           
   483     0070                     ?_ISR:	
   484                           ; 1 bytes @ 0x0
   485                           
   486     0070                     ??_ISR:	
   487                           ; 1 bytes @ 0x0
   488                           
   489     0070                     ?_main:	
   490                           ; 1 bytes @ 0x0
   491                           
   492                           
   493                           ; 1 bytes @ 0x0
   494     0070                     	ds	4
   495     0074                     ??_setup:
   496     0074                     ??_setupADC:	
   497                           ; 1 bytes @ 0x4
   498                           
   499     0074                     ?___awdiv:	
   500                           ; 1 bytes @ 0x4
   501                           
   502     0074                     ?___awmod:	
   503                           ; 2 bytes @ 0x4
   504                           
   505     0074                     ___awdiv@divisor:	
   506                           ; 2 bytes @ 0x4
   507                           
   508     0074                     ___awmod@divisor:	
   509                           ; 2 bytes @ 0x4
   510                           
   511                           
   512                           ; 2 bytes @ 0x4
   513     0074                     	ds	2
   514     0076                     ___awdiv@dividend:
   515     0076                     ___awmod@dividend:	
   516                           ; 2 bytes @ 0x6
   517                           
   518                           
   519                           ; 2 bytes @ 0x6
   520     0076                     	ds	2
   521     0078                     ??___awdiv:
   522     0078                     ??___awmod:	
   523                           ; 1 bytes @ 0x8
   524                           
   525                           
   526                           ; 1 bytes @ 0x8
   527     0078                     	ds	1
   528                           
   529                           	psect	cstackBANK0
   530     0020                     __pcstackBANK0:
   531     0020                     ___awdiv@counter:
   532     0020                     ___awmod@counter:	
   533                           ; 1 bytes @ 0x0
   534                           
   535                           
   536                           ; 1 bytes @ 0x0
   537     0020                     	ds	1
   538     0021                     ___awdiv@sign:
   539     0021                     ___awmod@sign:	
   540                           ; 1 bytes @ 0x1
   541                           
   542                           
   543                           ; 1 bytes @ 0x1
   544     0021                     	ds	1
   545     0022                     ___awdiv@quotient:
   546                           
   547                           ; 2 bytes @ 0x2
   548     0022                     	ds	2
   549     0024                     ??_setupMultiplex:
   550                           
   551                           ; 1 bytes @ 0x4
   552     0024                     	ds	4
   553     0028                     setupMultiplex@numeros:
   554                           
   555                           ; 20 bytes @ 0x8
   556     0028                     	ds	20
   557     003C                     setupMultiplex@unidades:
   558                           
   559                           ; 2 bytes @ 0x1C
   560     003C                     	ds	2
   561     003E                     setupMultiplex@decenas:
   562                           
   563                           ; 2 bytes @ 0x1E
   564     003E                     	ds	2
   565     0040                     ??_main:
   566                           
   567                           ; 1 bytes @ 0x20
   568     0040                     	ds	2
   569                           
   570                           	psect	maintext
   571     018C                     __pmaintext:	
   572 ;;
   573 ;;Main: autosize = 0, tempsize = 2, incstack = 0, save=0
   574 ;;
   575 ;; *************** function _main *****************
   576 ;; Defined at:
   577 ;;		line 78 in file "main.c"
   578 ;; Parameters:    Size  Location     Type
   579 ;;		None
   580 ;; Auto vars:     Size  Location     Type
   581 ;;		None
   582 ;; Return value:  Size  Location     Type
   583 ;;                  1    wreg      void 
   584 ;; Registers used:
   585 ;;		wreg, fsr0l, fsr0h, status,2, status,0, pclath, cstack
   586 ;; Tracked objects:
   587 ;;		On entry : B00/0
   588 ;;		On exit  : 0/0
   589 ;;		Unchanged: 0/0
   590 ;; Data sizes:     COMMON   BANK0   BANK1   BANK3   BANK2
   591 ;;      Params:         0       0       0       0       0
   592 ;;      Locals:         0       0       0       0       0
   593 ;;      Temps:          0       2       0       0       0
   594 ;;      Totals:         0       2       0       0       0
   595 ;;Total ram usage:        2 bytes
   596 ;; Hardware stack levels required when called: 3
   597 ;; This function calls:
   598 ;;		_setup
   599 ;;		_setupADC
   600 ;;		_setupMultiplex
   601 ;; This function is called by:
   602 ;;		Startup code after reset
   603 ;; This function uses a non-reentrant model
   604 ;;
   605                           
   606     018C                     _main:	
   607                           ;psect for function _main
   608                           
   609     018C                     l979:	
   610                           ;incstack = 0
   611                           ; Regs used in _main: [wreg-fsr0h+status,2+status,0+pclath+cstack]
   612                           
   613                           
   614                           ;main.c: 80:     setup();
   615     018C  120A  118A  21BC  120A  118A  	fcall	_setup
   616                           
   617                           ;main.c: 81:     setupADC();
   618     0191  120A  118A  21E4  120A  118A  	fcall	_setupADC
   619     0196                     l981:
   620                           
   621                           ;main.c: 87:         ADCON0bits.GO = 1;
   622     0196  1283               	bcf	3,5	;RP0=0, select bank0
   623     0197  1303               	bcf	3,6	;RP1=0, select bank0
   624     0198  149F               	bsf	31,1	;volatile
   625     0199                     l65:	
   626                           ;main.c: 88:         while (ADCON0bits.GO == 1){};
   627                           
   628     0199  189F               	btfsc	31,1	;volatile
   629     019A  299C               	goto	u481
   630     019B  299D               	goto	u480
   631     019C                     u481:
   632     019C  2999               	goto	l65
   633     019D                     u480:
   634     019D                     l67:
   635                           
   636                           ;main.c: 89:         ADIF = 0;
   637     019D  130C               	bcf	12,6	;volatile
   638     019E                     l983:
   639                           
   640                           ;main.c: 90:         setupMultiplex();
   641     019E  120A  118A  2021  120A  118A  	fcall	_setupMultiplex
   642     01A3                     l985:
   643                           
   644                           ;main.c: 92:         _delay((unsigned long)((10)*(4000000/4000.0)));
   645     01A3  300D               	movlw	13
   646     01A4  1283               	bcf	3,5	;RP0=0, select bank0
   647     01A5  1303               	bcf	3,6	;RP1=0, select bank0
   648     01A6  00C1               	movwf	??_main+1
   649     01A7  30FB               	movlw	251
   650     01A8  00C0               	movwf	??_main
   651     01A9                     u507:
   652     01A9  0BC0               	decfsz	??_main,f
   653     01AA  29A9               	goto	u507
   654     01AB  0BC1               	decfsz	??_main+1,f
   655     01AC  29A9               	goto	u507
   656     01AD                     l987:
   657                           
   658                           ;main.c: 96:         if(ADRESH > PORTD){
   659     01AD  1283               	bcf	3,5	;RP0=0, select bank0
   660     01AE  1303               	bcf	3,6	;RP1=0, select bank0
   661     01AF  081E               	movf	30,w	;volatile
   662     01B0  0208               	subwf	8,w	;volatile
   663     01B1  1803               	skipnc
   664     01B2  29B4               	goto	u491
   665     01B3  29B5               	goto	u490
   666     01B4                     u491:
   667     01B4  29B7               	goto	l68
   668     01B5                     u490:
   669     01B5                     l989:
   670                           
   671                           ;main.c: 97:             PORTEbits.RE2 = 1;
   672     01B5  1509               	bsf	9,2	;volatile
   673                           
   674                           ;main.c: 98:         }
   675     01B6  2996               	goto	l981
   676     01B7                     l68:	
   677                           ;main.c: 99:         else
   678                           
   679                           
   680                           ;main.c: 100:         {;main.c: 101:             PORTEbits.RE2 = 0;
   681     01B7  1109               	bcf	9,2	;volatile
   682     01B8  2996               	goto	l981
   683     01B9  120A  118A  280C   	ljmp	start
   684     01BC                     __end_of_main:
   685                           
   686                           	psect	text1
   687     0021                     __ptext1:	
   688 ;; *************** function _setupMultiplex *****************
   689 ;; Defined at:
   690 ;;		line 13 in file "config_multiplex.c"
   691 ;; Parameters:    Size  Location     Type
   692 ;;		None
   693 ;; Auto vars:     Size  Location     Type
   694 ;;  numeros        20    8[BANK0 ] int [10]
   695 ;;  decenas         2   30[BANK0 ] int 
   696 ;;  unidades        2   28[BANK0 ] int 
   697 ;; Return value:  Size  Location     Type
   698 ;;                  1    wreg      void 
   699 ;; Registers used:
   700 ;;		wreg, fsr0l, fsr0h, status,2, status,0, pclath, cstack
   701 ;; Tracked objects:
   702 ;;		On entry : 0/0
   703 ;;		On exit  : 0/0
   704 ;;		Unchanged: 0/0
   705 ;; Data sizes:     COMMON   BANK0   BANK1   BANK3   BANK2
   706 ;;      Params:         0       0       0       0       0
   707 ;;      Locals:         0      24       0       0       0
   708 ;;      Temps:          0       4       0       0       0
   709 ;;      Totals:         0      28       0       0       0
   710 ;;Total ram usage:       28 bytes
   711 ;; Hardware stack levels used: 1
   712 ;; Hardware stack levels required when called: 2
   713 ;; This function calls:
   714 ;;		___awdiv
   715 ;;		___awmod
   716 ;; This function is called by:
   717 ;;		_main
   718 ;; This function uses a non-reentrant model
   719 ;;
   720                           
   721     0021                     _setupMultiplex:	
   722                           ;psect for function _setupMultiplex
   723                           
   724     0021                     l957:	
   725                           ;incstack = 0
   726                           ; Regs used in _setupMultiplex: [wreg-fsr0h+status,2+status,0+pclath+cstack]
   727                           
   728                           
   729                           ;config_multiplex.c: 15:     int unidades;;config_multiplex.c: 16:     int decenas;;conf
      +                          ig_multiplex.c: 17:     int numeros[] = {0x3F,0x06,0x5B,0x4F,0x66,0x6D,0x7D,0x07,0x7F,0x
      +                          67};
   730     0021  3028               	movlw	setupMultiplex@numeros& (0+255)
   731     0022  0084               	movwf	4
   732     0023  3042               	movlw	low setupMultiplex@F1296
   733     0024  1283               	bcf	3,5	;RP0=0, select bank0
   734     0025  1303               	bcf	3,6	;RP1=0, select bank0
   735     0026  00A4               	movwf	??_setupMultiplex
   736     0027  0804               	movf	4,w
   737     0028  00A5               	movwf	??_setupMultiplex+1
   738     0029  3014               	movlw	20
   739     002A  00A6               	movwf	??_setupMultiplex+2
   740     002B                     u470:
   741     002B  0824               	movf	??_setupMultiplex,w
   742     002C  0084               	movwf	4
   743     002D  1383               	bcf	3,7	;select IRP bank0
   744     002E  0800               	movf	0,w
   745     002F  00A7               	movwf	??_setupMultiplex+3
   746     0030  0AA4               	incf	??_setupMultiplex,f
   747     0031  0825               	movf	??_setupMultiplex+1,w
   748     0032  0084               	movwf	4
   749     0033  0827               	movf	??_setupMultiplex+3,w
   750     0034  0080               	movwf	0
   751     0035  0AA5               	incf	??_setupMultiplex+1,f
   752     0036  0BA6               	decfsz	??_setupMultiplex+2,f
   753     0037  282B               	goto	u470
   754     0038                     l959:
   755                           
   756                           ;config_multiplex.c: 19:     unidades = ADRESH%10;
   757     0038  300A               	movlw	10
   758     0039  00F4               	movwf	___awmod@divisor
   759     003A  3000               	movlw	0
   760     003B  00F5               	movwf	___awmod@divisor+1
   761     003C  081E               	movf	30,w	;volatile
   762     003D  00A4               	movwf	??_setupMultiplex
   763     003E  01A5               	clrf	??_setupMultiplex+1
   764     003F  0824               	movf	??_setupMultiplex,w
   765     0040  00F6               	movwf	___awmod@dividend
   766     0041  0825               	movf	??_setupMultiplex+1,w
   767     0042  00F7               	movwf	___awmod@dividend+1
   768     0043  120A  118A  20F6  120A  118A  	fcall	___awmod
   769     0048  0875               	movf	?___awmod+1,w
   770     0049  1283               	bcf	3,5	;RP0=0, select bank0
   771     004A  1303               	bcf	3,6	;RP1=0, select bank0
   772     004B  00BD               	movwf	setupMultiplex@unidades+1
   773     004C  0874               	movf	?___awmod,w
   774     004D  00BC               	movwf	setupMultiplex@unidades
   775     004E                     l961:
   776                           
   777                           ;config_multiplex.c: 20:     decenas = ADRESH/10;
   778     004E  300A               	movlw	10
   779     004F  00F4               	movwf	___awdiv@divisor
   780     0050  3000               	movlw	0
   781     0051  00F5               	movwf	___awdiv@divisor+1
   782     0052  081E               	movf	30,w	;volatile
   783     0053  00A4               	movwf	??_setupMultiplex
   784     0054  01A5               	clrf	??_setupMultiplex+1
   785     0055  0824               	movf	??_setupMultiplex,w
   786     0056  00F6               	movwf	___awdiv@dividend
   787     0057  0825               	movf	??_setupMultiplex+1,w
   788     0058  00F7               	movwf	___awdiv@dividend+1
   789     0059  120A  118A  208D  120A  118A  	fcall	___awdiv
   790     005E  0875               	movf	?___awdiv+1,w
   791     005F  1283               	bcf	3,5	;RP0=0, select bank0
   792     0060  1303               	bcf	3,6	;RP1=0, select bank0
   793     0061  00BF               	movwf	setupMultiplex@decenas+1
   794     0062  0874               	movf	?___awdiv,w
   795     0063  00BE               	movwf	setupMultiplex@decenas
   796     0064                     l963:
   797                           
   798                           ;config_multiplex.c: 22:     PORTC = numeros[unidades];
   799     0064  083C               	movf	setupMultiplex@unidades,w
   800     0065  00A4               	movwf	??_setupMultiplex
   801     0066  0724               	addwf	??_setupMultiplex,w
   802     0067  3E28               	addlw	(low (setupMultiplex@numeros| 0))& (0+255)
   803     0068  0084               	movwf	4
   804     0069  1383               	bcf	3,7	;select IRP bank0
   805     006A  0800               	movf	0,w
   806     006B  0087               	movwf	7	;volatile
   807     006C                     l965:
   808                           
   809                           ;config_multiplex.c: 23:     PORTEbits.RE0 = 1;
   810     006C  1409               	bsf	9,0	;volatile
   811     006D                     l967:
   812                           
   813                           ;config_multiplex.c: 24:     _delay((unsigned long)((1)*(4000000/4000.0)));
   814     006D  30C7               	movlw	199
   815     006E  1283               	bcf	3,5	;RP0=0, select bank0
   816     006F  1303               	bcf	3,6	;RP1=0, select bank0
   817     0070  00A4               	movwf	??_setupMultiplex
   818     0071                     u517:
   819     0071  2872               	nop2
   820     0072  0BA4               	decfsz	??_setupMultiplex,f
   821     0073  2871               	goto	u517
   822     0074  2875               	nop2
   823     0075                     l969:
   824                           
   825                           ;config_multiplex.c: 25:     PORTEbits.RE0 = 0;
   826     0075  1283               	bcf	3,5	;RP0=0, select bank0
   827     0076  1303               	bcf	3,6	;RP1=0, select bank0
   828     0077  1009               	bcf	9,0	;volatile
   829     0078                     l971:
   830                           
   831                           ;config_multiplex.c: 27:     PORTC = numeros[decenas];
   832     0078  083E               	movf	setupMultiplex@decenas,w
   833     0079  00A4               	movwf	??_setupMultiplex
   834     007A  0724               	addwf	??_setupMultiplex,w
   835     007B  3E28               	addlw	(low (setupMultiplex@numeros| 0))& (0+255)
   836     007C  0084               	movwf	4
   837     007D  1383               	bcf	3,7	;select IRP bank0
   838     007E  0800               	movf	0,w
   839     007F  0087               	movwf	7	;volatile
   840     0080                     l973:
   841                           
   842                           ;config_multiplex.c: 28:     PORTEbits.RE1 = 1;
   843     0080  1489               	bsf	9,1	;volatile
   844     0081                     l975:
   845                           
   846                           ;config_multiplex.c: 29:     _delay((unsigned long)((1)*(4000000/4000.0)));
   847     0081  30C7               	movlw	199
   848     0082  1283               	bcf	3,5	;RP0=0, select bank0
   849     0083  1303               	bcf	3,6	;RP1=0, select bank0
   850     0084  00A4               	movwf	??_setupMultiplex
   851     0085                     u527:
   852     0085  2886               	nop2
   853     0086  0BA4               	decfsz	??_setupMultiplex,f
   854     0087  2885               	goto	u527
   855     0088  2889               	nop2
   856     0089                     l977:
   857                           
   858                           ;config_multiplex.c: 30:     PORTEbits.RE1 = 0;
   859     0089  1283               	bcf	3,5	;RP0=0, select bank0
   860     008A  1303               	bcf	3,6	;RP1=0, select bank0
   861     008B  1089               	bcf	9,1	;volatile
   862     008C                     l101:
   863     008C  0008               	return
   864     008D                     __end_of_setupMultiplex:
   865                           
   866                           	psect	text2
   867     00F6                     __ptext2:	
   868 ;; *************** function ___awmod *****************
   869 ;; Defined at:
   870 ;;		line 5 in file "C:\Program Files\Microchip\xc8\v2.40\pic\sources\c90\common\awmod.c"
   871 ;; Parameters:    Size  Location     Type
   872 ;;  divisor         2    4[COMMON] int 
   873 ;;  dividend        2    6[COMMON] int 
   874 ;; Auto vars:     Size  Location     Type
   875 ;;  sign            1    1[BANK0 ] unsigned char 
   876 ;;  counter         1    0[BANK0 ] unsigned char 
   877 ;; Return value:  Size  Location     Type
   878 ;;                  2    4[COMMON] int 
   879 ;; Registers used:
   880 ;;		wreg, status,2, status,0
   881 ;; Tracked objects:
   882 ;;		On entry : 0/0
   883 ;;		On exit  : 0/0
   884 ;;		Unchanged: 0/0
   885 ;; Data sizes:     COMMON   BANK0   BANK1   BANK3   BANK2
   886 ;;      Params:         4       0       0       0       0
   887 ;;      Locals:         0       2       0       0       0
   888 ;;      Temps:          1       0       0       0       0
   889 ;;      Totals:         5       2       0       0       0
   890 ;;Total ram usage:        7 bytes
   891 ;; Hardware stack levels used: 1
   892 ;; Hardware stack levels required when called: 1
   893 ;; This function calls:
   894 ;;		Nothing
   895 ;; This function is called by:
   896 ;;		_setupMultiplex
   897 ;; This function uses a non-reentrant model
   898 ;;
   899                           
   900     00F6                     ___awmod:	
   901                           ;psect for function ___awmod
   902                           
   903     00F6                     l919:	
   904                           ;incstack = 0
   905                           ; Regs used in ___awmod: [wreg+status,2+status,0]
   906                           
   907     00F6  1283               	bcf	3,5	;RP0=0, select bank0
   908     00F7  1303               	bcf	3,6	;RP1=0, select bank0
   909     00F8  01A1               	clrf	___awmod@sign
   910     00F9                     l921:
   911     00F9  1FF7               	btfss	___awmod@dividend+1,7
   912     00FA  28FC               	goto	u381
   913     00FB  28FD               	goto	u380
   914     00FC                     u381:
   915     00FC  2904               	goto	l927
   916     00FD                     u380:
   917     00FD                     l923:
   918     00FD  09F6               	comf	___awmod@dividend,f
   919     00FE  09F7               	comf	___awmod@dividend+1,f
   920     00FF  0AF6               	incf	___awmod@dividend,f
   921     0100  1903               	skipnz
   922     0101  0AF7               	incf	___awmod@dividend+1,f
   923     0102                     l925:
   924     0102  01A1               	clrf	___awmod@sign
   925     0103  0AA1               	incf	___awmod@sign,f
   926     0104                     l927:
   927     0104  1FF5               	btfss	___awmod@divisor+1,7
   928     0105  2907               	goto	u391
   929     0106  2908               	goto	u390
   930     0107                     u391:
   931     0107  290D               	goto	l931
   932     0108                     u390:
   933     0108                     l929:
   934     0108  09F4               	comf	___awmod@divisor,f
   935     0109  09F5               	comf	___awmod@divisor+1,f
   936     010A  0AF4               	incf	___awmod@divisor,f
   937     010B  1903               	skipnz
   938     010C  0AF5               	incf	___awmod@divisor+1,f
   939     010D                     l931:
   940     010D  0874               	movf	___awmod@divisor,w
   941     010E  0475               	iorwf	___awmod@divisor+1,w
   942     010F  1903               	btfsc	3,2
   943     0110  2912               	goto	u401
   944     0111  2913               	goto	u400
   945     0112                     u401:
   946     0112  2942               	goto	l949
   947     0113                     u400:
   948     0113                     l933:
   949     0113  01A0               	clrf	___awmod@counter
   950     0114  0AA0               	incf	___awmod@counter,f
   951     0115  2921               	goto	l939
   952     0116                     l935:
   953     0116  3001               	movlw	1
   954     0117                     u415:
   955     0117  1003               	clrc
   956     0118  0DF4               	rlf	___awmod@divisor,f
   957     0119  0DF5               	rlf	___awmod@divisor+1,f
   958     011A  3EFF               	addlw	-1
   959     011B  1D03               	skipz
   960     011C  2917               	goto	u415
   961     011D                     l937:
   962     011D  3001               	movlw	1
   963     011E  00F8               	movwf	??___awmod
   964     011F  0878               	movf	??___awmod,w
   965     0120  07A0               	addwf	___awmod@counter,f
   966     0121                     l939:
   967     0121  1FF5               	btfss	___awmod@divisor+1,7
   968     0122  2924               	goto	u421
   969     0123  2925               	goto	u420
   970     0124                     u421:
   971     0124  2916               	goto	l935
   972     0125                     u420:
   973     0125                     l941:
   974     0125  0875               	movf	___awmod@divisor+1,w
   975     0126  0277               	subwf	___awmod@dividend+1,w
   976     0127  1D03               	skipz
   977     0128  292B               	goto	u435
   978     0129  0874               	movf	___awmod@divisor,w
   979     012A  0276               	subwf	___awmod@dividend,w
   980     012B                     u435:
   981     012B  1C03               	skipc
   982     012C  292E               	goto	u431
   983     012D  292F               	goto	u430
   984     012E                     u431:
   985     012E  2935               	goto	l945
   986     012F                     u430:
   987     012F                     l943:
   988     012F  0874               	movf	___awmod@divisor,w
   989     0130  02F6               	subwf	___awmod@dividend,f
   990     0131  0875               	movf	___awmod@divisor+1,w
   991     0132  1C03               	skipc
   992     0133  03F7               	decf	___awmod@dividend+1,f
   993     0134  02F7               	subwf	___awmod@dividend+1,f
   994     0135                     l945:
   995     0135  3001               	movlw	1
   996     0136                     u445:
   997     0136  1003               	clrc
   998     0137  0CF5               	rrf	___awmod@divisor+1,f
   999     0138  0CF4               	rrf	___awmod@divisor,f
  1000     0139  3EFF               	addlw	-1
  1001     013A  1D03               	skipz
  1002     013B  2936               	goto	u445
  1003     013C                     l947:
  1004     013C  3001               	movlw	1
  1005     013D  02A0               	subwf	___awmod@counter,f
  1006     013E  1D03               	btfss	3,2
  1007     013F  2941               	goto	u451
  1008     0140  2942               	goto	u450
  1009     0141                     u451:
  1010     0141  2925               	goto	l941
  1011     0142                     u450:
  1012     0142                     l949:
  1013     0142  0821               	movf	___awmod@sign,w
  1014     0143  1903               	btfsc	3,2
  1015     0144  2946               	goto	u461
  1016     0145  2947               	goto	u460
  1017     0146                     u461:
  1018     0146  294C               	goto	l953
  1019     0147                     u460:
  1020     0147                     l951:
  1021     0147  09F6               	comf	___awmod@dividend,f
  1022     0148  09F7               	comf	___awmod@dividend+1,f
  1023     0149  0AF6               	incf	___awmod@dividend,f
  1024     014A  1903               	skipnz
  1025     014B  0AF7               	incf	___awmod@dividend+1,f
  1026     014C                     l953:
  1027     014C  0877               	movf	___awmod@dividend+1,w
  1028     014D  00F5               	movwf	?___awmod+1
  1029     014E  0876               	movf	___awmod@dividend,w
  1030     014F  00F4               	movwf	?___awmod
  1031     0150                     l353:
  1032     0150  0008               	return
  1033     0151                     __end_of___awmod:
  1034                           
  1035                           	psect	text3
  1036     008D                     __ptext3:	
  1037 ;; *************** function ___awdiv *****************
  1038 ;; Defined at:
  1039 ;;		line 5 in file "C:\Program Files\Microchip\xc8\v2.40\pic\sources\c90\common\awdiv.c"
  1040 ;; Parameters:    Size  Location     Type
  1041 ;;  divisor         2    4[COMMON] int 
  1042 ;;  dividend        2    6[COMMON] int 
  1043 ;; Auto vars:     Size  Location     Type
  1044 ;;  quotient        2    2[BANK0 ] int 
  1045 ;;  sign            1    1[BANK0 ] unsigned char 
  1046 ;;  counter         1    0[BANK0 ] unsigned char 
  1047 ;; Return value:  Size  Location     Type
  1048 ;;                  2    4[COMMON] int 
  1049 ;; Registers used:
  1050 ;;		wreg, status,2, status,0
  1051 ;; Tracked objects:
  1052 ;;		On entry : 0/0
  1053 ;;		On exit  : 0/0
  1054 ;;		Unchanged: 0/0
  1055 ;; Data sizes:     COMMON   BANK0   BANK1   BANK3   BANK2
  1056 ;;      Params:         4       0       0       0       0
  1057 ;;      Locals:         0       4       0       0       0
  1058 ;;      Temps:          1       0       0       0       0
  1059 ;;      Totals:         5       4       0       0       0
  1060 ;;Total ram usage:        9 bytes
  1061 ;; Hardware stack levels used: 1
  1062 ;; Hardware stack levels required when called: 1
  1063 ;; This function calls:
  1064 ;;		Nothing
  1065 ;; This function is called by:
  1066 ;;		_setupMultiplex
  1067 ;; This function uses a non-reentrant model
  1068 ;;
  1069                           
  1070     008D                     ___awdiv:	
  1071                           ;psect for function ___awdiv
  1072                           
  1073     008D                     l875:	
  1074                           ;incstack = 0
  1075                           ; Regs used in ___awdiv: [wreg+status,2+status,0]
  1076                           
  1077     008D  1283               	bcf	3,5	;RP0=0, select bank0
  1078     008E  1303               	bcf	3,6	;RP1=0, select bank0
  1079     008F  01A1               	clrf	___awdiv@sign
  1080     0090                     l877:
  1081     0090  1FF5               	btfss	___awdiv@divisor+1,7
  1082     0091  2893               	goto	u281
  1083     0092  2894               	goto	u280
  1084     0093                     u281:
  1085     0093  289B               	goto	l883
  1086     0094                     u280:
  1087     0094                     l879:
  1088     0094  09F4               	comf	___awdiv@divisor,f
  1089     0095  09F5               	comf	___awdiv@divisor+1,f
  1090     0096  0AF4               	incf	___awdiv@divisor,f
  1091     0097  1903               	skipnz
  1092     0098  0AF5               	incf	___awdiv@divisor+1,f
  1093     0099                     l881:
  1094     0099  01A1               	clrf	___awdiv@sign
  1095     009A  0AA1               	incf	___awdiv@sign,f
  1096     009B                     l883:
  1097     009B  1FF7               	btfss	___awdiv@dividend+1,7
  1098     009C  289E               	goto	u291
  1099     009D  289F               	goto	u290
  1100     009E                     u291:
  1101     009E  28A8               	goto	l889
  1102     009F                     u290:
  1103     009F                     l885:
  1104     009F  09F6               	comf	___awdiv@dividend,f
  1105     00A0  09F7               	comf	___awdiv@dividend+1,f
  1106     00A1  0AF6               	incf	___awdiv@dividend,f
  1107     00A2  1903               	skipnz
  1108     00A3  0AF7               	incf	___awdiv@dividend+1,f
  1109     00A4                     l887:
  1110     00A4  3001               	movlw	1
  1111     00A5  00F8               	movwf	??___awdiv
  1112     00A6  0878               	movf	??___awdiv,w
  1113     00A7  06A1               	xorwf	___awdiv@sign,f
  1114     00A8                     l889:
  1115     00A8  01A2               	clrf	___awdiv@quotient
  1116     00A9  01A3               	clrf	___awdiv@quotient+1
  1117     00AA                     l891:
  1118     00AA  0874               	movf	___awdiv@divisor,w
  1119     00AB  0475               	iorwf	___awdiv@divisor+1,w
  1120     00AC  1903               	btfsc	3,2
  1121     00AD  28AF               	goto	u301
  1122     00AE  28B0               	goto	u300
  1123     00AF                     u301:
  1124     00AF  28E7               	goto	l911
  1125     00B0                     u300:
  1126     00B0                     l893:
  1127     00B0  01A0               	clrf	___awdiv@counter
  1128     00B1  0AA0               	incf	___awdiv@counter,f
  1129     00B2  28BE               	goto	l899
  1130     00B3                     l895:
  1131     00B3  3001               	movlw	1
  1132     00B4                     u315:
  1133     00B4  1003               	clrc
  1134     00B5  0DF4               	rlf	___awdiv@divisor,f
  1135     00B6  0DF5               	rlf	___awdiv@divisor+1,f
  1136     00B7  3EFF               	addlw	-1
  1137     00B8  1D03               	skipz
  1138     00B9  28B4               	goto	u315
  1139     00BA                     l897:
  1140     00BA  3001               	movlw	1
  1141     00BB  00F8               	movwf	??___awdiv
  1142     00BC  0878               	movf	??___awdiv,w
  1143     00BD  07A0               	addwf	___awdiv@counter,f
  1144     00BE                     l899:
  1145     00BE  1FF5               	btfss	___awdiv@divisor+1,7
  1146     00BF  28C1               	goto	u321
  1147     00C0  28C2               	goto	u320
  1148     00C1                     u321:
  1149     00C1  28B3               	goto	l895
  1150     00C2                     u320:
  1151     00C2                     l901:
  1152     00C2  3001               	movlw	1
  1153     00C3                     u335:
  1154     00C3  1003               	clrc
  1155     00C4  0DA2               	rlf	___awdiv@quotient,f
  1156     00C5  0DA3               	rlf	___awdiv@quotient+1,f
  1157     00C6  3EFF               	addlw	-1
  1158     00C7  1D03               	skipz
  1159     00C8  28C3               	goto	u335
  1160     00C9  0875               	movf	___awdiv@divisor+1,w
  1161     00CA  0277               	subwf	___awdiv@dividend+1,w
  1162     00CB  1D03               	skipz
  1163     00CC  28CF               	goto	u345
  1164     00CD  0874               	movf	___awdiv@divisor,w
  1165     00CE  0276               	subwf	___awdiv@dividend,w
  1166     00CF                     u345:
  1167     00CF  1C03               	skipc
  1168     00D0  28D2               	goto	u341
  1169     00D1  28D3               	goto	u340
  1170     00D2                     u341:
  1171     00D2  28DA               	goto	l907
  1172     00D3                     u340:
  1173     00D3                     l903:
  1174     00D3  0874               	movf	___awdiv@divisor,w
  1175     00D4  02F6               	subwf	___awdiv@dividend,f
  1176     00D5  0875               	movf	___awdiv@divisor+1,w
  1177     00D6  1C03               	skipc
  1178     00D7  03F7               	decf	___awdiv@dividend+1,f
  1179     00D8  02F7               	subwf	___awdiv@dividend+1,f
  1180     00D9                     l905:
  1181     00D9  1422               	bsf	___awdiv@quotient,0
  1182     00DA                     l907:
  1183     00DA  3001               	movlw	1
  1184     00DB                     u355:
  1185     00DB  1003               	clrc
  1186     00DC  0CF5               	rrf	___awdiv@divisor+1,f
  1187     00DD  0CF4               	rrf	___awdiv@divisor,f
  1188     00DE  3EFF               	addlw	-1
  1189     00DF  1D03               	skipz
  1190     00E0  28DB               	goto	u355
  1191     00E1                     l909:
  1192     00E1  3001               	movlw	1
  1193     00E2  02A0               	subwf	___awdiv@counter,f
  1194     00E3  1D03               	btfss	3,2
  1195     00E4  28E6               	goto	u361
  1196     00E5  28E7               	goto	u360
  1197     00E6                     u361:
  1198     00E6  28C2               	goto	l901
  1199     00E7                     u360:
  1200     00E7                     l911:
  1201     00E7  0821               	movf	___awdiv@sign,w
  1202     00E8  1903               	btfsc	3,2
  1203     00E9  28EB               	goto	u371
  1204     00EA  28EC               	goto	u370
  1205     00EB                     u371:
  1206     00EB  28F1               	goto	l915
  1207     00EC                     u370:
  1208     00EC                     l913:
  1209     00EC  09A2               	comf	___awdiv@quotient,f
  1210     00ED  09A3               	comf	___awdiv@quotient+1,f
  1211     00EE  0AA2               	incf	___awdiv@quotient,f
  1212     00EF  1903               	skipnz
  1213     00F0  0AA3               	incf	___awdiv@quotient+1,f
  1214     00F1                     l915:
  1215     00F1  0823               	movf	___awdiv@quotient+1,w
  1216     00F2  00F5               	movwf	?___awdiv+1
  1217     00F3  0822               	movf	___awdiv@quotient,w
  1218     00F4  00F4               	movwf	?___awdiv
  1219     00F5                     l340:
  1220     00F5  0008               	return
  1221     00F6                     __end_of___awdiv:
  1222                           
  1223                           	psect	text4
  1224     01E4                     __ptext4:	
  1225 ;; *************** function _setupADC *****************
  1226 ;; Defined at:
  1227 ;;		line 13 in file "config_adc.c"
  1228 ;; Parameters:    Size  Location     Type
  1229 ;;		None
  1230 ;; Auto vars:     Size  Location     Type
  1231 ;;		None
  1232 ;; Return value:  Size  Location     Type
  1233 ;;                  1    wreg      void 
  1234 ;; Registers used:
  1235 ;;		wreg
  1236 ;; Tracked objects:
  1237 ;;		On entry : 0/0
  1238 ;;		On exit  : 0/0
  1239 ;;		Unchanged: 0/0
  1240 ;; Data sizes:     COMMON   BANK0   BANK1   BANK3   BANK2
  1241 ;;      Params:         0       0       0       0       0
  1242 ;;      Locals:         0       0       0       0       0
  1243 ;;      Temps:          1       0       0       0       0
  1244 ;;      Totals:         1       0       0       0       0
  1245 ;;Total ram usage:        1 bytes
  1246 ;; Hardware stack levels used: 1
  1247 ;; Hardware stack levels required when called: 1
  1248 ;; This function calls:
  1249 ;;		Nothing
  1250 ;; This function is called by:
  1251 ;;		_main
  1252 ;; This function uses a non-reentrant model
  1253 ;;
  1254                           
  1255     01E4                     _setupADC:	
  1256                           ;psect for function _setupADC
  1257                           
  1258     01E4                     l817:	
  1259                           ;incstack = 0
  1260                           ; Regs used in _setupADC: [wreg]
  1261                           
  1262                           
  1263                           ;config_adc.c: 17:     TRISAbits.TRISA0 = 1;
  1264     01E4  1683               	bsf	3,5	;RP0=1, select bank1
  1265     01E5  1303               	bcf	3,6	;RP1=0, select bank1
  1266     01E6  1405               	bsf	5,0	;volatile
  1267                           
  1268                           ;config_adc.c: 18:     ANSELbits.ANS0 = 1;
  1269     01E7  1683               	bsf	3,5	;RP0=1, select bank3
  1270     01E8  1703               	bsf	3,6	;RP1=1, select bank3
  1271     01E9  1408               	bsf	8,0	;volatile
  1272                           
  1273                           ;config_adc.c: 22:     ADCON0bits.ADCS0 = 1;
  1274     01EA  1283               	bcf	3,5	;RP0=0, select bank0
  1275     01EB  1303               	bcf	3,6	;RP1=0, select bank0
  1276     01EC  171F               	bsf	31,6	;volatile
  1277                           
  1278                           ;config_adc.c: 23:     ADCON0bits.ADCS1 = 0;
  1279     01ED  139F               	bcf	31,7	;volatile
  1280                           
  1281                           ;config_adc.c: 25:     ADCON1bits.VCFG0 = 0;
  1282     01EE  1683               	bsf	3,5	;RP0=1, select bank1
  1283     01EF  1303               	bcf	3,6	;RP1=0, select bank1
  1284     01F0  121F               	bcf	31,4	;volatile
  1285                           
  1286                           ;config_adc.c: 26:     ADCON1bits.VCFG1 = 0;
  1287     01F1  129F               	bcf	31,5	;volatile
  1288                           
  1289                           ;config_adc.c: 28:     ADCON1bits.ADFM = 0;
  1290     01F2  139F               	bcf	31,7	;volatile
  1291                           
  1292                           ;config_adc.c: 30:     ADCON0bits.CHS0 = 0;
  1293     01F3  1283               	bcf	3,5	;RP0=0, select bank0
  1294     01F4  1303               	bcf	3,6	;RP1=0, select bank0
  1295     01F5  111F               	bcf	31,2	;volatile
  1296                           
  1297                           ;config_adc.c: 31:     ADCON0bits.CHS1 = 0;
  1298     01F6  119F               	bcf	31,3	;volatile
  1299                           
  1300                           ;config_adc.c: 32:     ADCON0bits.CHS2 = 0;
  1301     01F7  121F               	bcf	31,4	;volatile
  1302                           
  1303                           ;config_adc.c: 33:     ADCON0bits.CHS3 = 0;
  1304     01F8  129F               	bcf	31,5	;volatile
  1305                           
  1306                           ;config_adc.c: 35:     ADCON0bits.ADON = 1;
  1307     01F9  141F               	bsf	31,0	;volatile
  1308     01FA                     l819:
  1309                           
  1310                           ;config_adc.c: 37:     _delay((unsigned long)((100)*(4000000/4000000.0)));
  1311     01FA  3021               	movlw	33
  1312     01FB  00F4               	movwf	??_setupADC
  1313     01FC                     u537:
  1314     01FC  0BF4               	decfsz	??_setupADC,f
  1315     01FD  29FC               	goto	u537
  1316     01FE                     l88:
  1317     01FE  0008               	return
  1318     01FF                     __end_of_setupADC:
  1319                           
  1320                           	psect	text5
  1321     01BC                     __ptext5:	
  1322 ;; *************** function _setup *****************
  1323 ;; Defined at:
  1324 ;;		line 110 in file "main.c"
  1325 ;; Parameters:    Size  Location     Type
  1326 ;;		None
  1327 ;; Auto vars:     Size  Location     Type
  1328 ;;		None
  1329 ;; Return value:  Size  Location     Type
  1330 ;;                  1    wreg      void 
  1331 ;; Registers used:
  1332 ;;		wreg, status,2, status,0
  1333 ;; Tracked objects:
  1334 ;;		On entry : 0/0
  1335 ;;		On exit  : 0/0
  1336 ;;		Unchanged: 0/0
  1337 ;; Data sizes:     COMMON   BANK0   BANK1   BANK3   BANK2
  1338 ;;      Params:         0       0       0       0       0
  1339 ;;      Locals:         0       0       0       0       0
  1340 ;;      Temps:          0       0       0       0       0
  1341 ;;      Totals:         0       0       0       0       0
  1342 ;;Total ram usage:        0 bytes
  1343 ;; Hardware stack levels used: 1
  1344 ;; Hardware stack levels required when called: 1
  1345 ;; This function calls:
  1346 ;;		Nothing
  1347 ;; This function is called by:
  1348 ;;		_main
  1349 ;; This function uses a non-reentrant model
  1350 ;;
  1351                           
  1352     01BC                     _setup:	
  1353                           ;psect for function _setup
  1354                           
  1355     01BC                     l775:	
  1356                           ;incstack = 0
  1357                           ; Regs used in _setup: [wreg+status,2+status,0]
  1358                           
  1359                           
  1360                           ;main.c: 112:     ANSEL = 0;
  1361     01BC  1683               	bsf	3,5	;RP0=1, select bank3
  1362     01BD  1703               	bsf	3,6	;RP1=1, select bank3
  1363     01BE  0188               	clrf	8	;volatile
  1364                           
  1365                           ;main.c: 113:     ANSELH = 0;
  1366     01BF  0189               	clrf	9	;volatile
  1367     01C0                     l777:
  1368                           
  1369                           ;main.c: 115:     TRISB = 0b00000011;
  1370     01C0  3003               	movlw	3
  1371     01C1  1683               	bsf	3,5	;RP0=1, select bank1
  1372     01C2  1303               	bcf	3,6	;RP1=0, select bank1
  1373     01C3  0086               	movwf	6	;volatile
  1374     01C4                     l779:
  1375                           
  1376                           ;main.c: 116:     TRISC = 0;
  1377     01C4  0187               	clrf	7	;volatile
  1378     01C5                     l781:
  1379                           
  1380                           ;main.c: 117:     TRISD = 0;
  1381     01C5  0188               	clrf	8	;volatile
  1382     01C6                     l783:
  1383                           
  1384                           ;main.c: 118:     TRISE = 0;
  1385     01C6  0189               	clrf	9	;volatile
  1386     01C7                     l785:
  1387                           
  1388                           ;main.c: 120:     OPTION_REGbits.nRBPU = 0;
  1389     01C7  1381               	bcf	1,7	;volatile
  1390     01C8                     l787:
  1391                           
  1392                           ;main.c: 121:     WPUBbits.WPUB0 = 1;
  1393     01C8  1415               	bsf	21,0	;volatile
  1394     01C9                     l789:
  1395                           
  1396                           ;main.c: 122:     WPUBbits.WPUB1 = 1;
  1397     01C9  1495               	bsf	21,1	;volatile
  1398                           
  1399                           ;main.c: 123:     IOCB = 0b00000011;
  1400     01CA  3003               	movlw	3
  1401     01CB  0096               	movwf	22	;volatile
  1402     01CC                     l791:
  1403                           
  1404                           ;main.c: 125:     PORTB = 0;
  1405     01CC  1283               	bcf	3,5	;RP0=0, select bank0
  1406     01CD  1303               	bcf	3,6	;RP1=0, select bank0
  1407     01CE  0186               	clrf	6	;volatile
  1408     01CF                     l793:
  1409                           
  1410                           ;main.c: 126:     PORTC = 0;
  1411     01CF  0187               	clrf	7	;volatile
  1412     01D0                     l795:
  1413                           
  1414                           ;main.c: 127:     PORTD = 0;
  1415     01D0  0188               	clrf	8	;volatile
  1416     01D1                     l797:
  1417                           
  1418                           ;main.c: 128:     PORTE = 0;
  1419     01D1  0189               	clrf	9	;volatile
  1420     01D2                     l799:
  1421                           
  1422                           ;main.c: 132:     OSCCONbits.IRCF = 0b0110 ;
  1423     01D2  1683               	bsf	3,5	;RP0=1, select bank1
  1424     01D3  1303               	bcf	3,6	;RP1=0, select bank1
  1425     01D4  080F               	movf	15,w	;volatile
  1426     01D5  398F               	andlw	-113
  1427     01D6  3860               	iorlw	96
  1428     01D7  008F               	movwf	15	;volatile
  1429     01D8                     l801:
  1430                           
  1431                           ;main.c: 133:     OSCCONbits.SCS = 1;
  1432     01D8  140F               	bsf	15,0	;volatile
  1433     01D9                     l803:
  1434                           
  1435                           ;main.c: 137:     OPTION_REGbits.T0CS = 0;
  1436     01D9  1281               	bcf	1,5	;volatile
  1437     01DA                     l805:
  1438                           
  1439                           ;main.c: 138:     OPTION_REGbits.PSA = 0;
  1440     01DA  1181               	bcf	1,3	;volatile
  1441     01DB                     l807:
  1442                           
  1443                           ;main.c: 139:     OPTION_REGbits.PS = 0b011;
  1444     01DB  0801               	movf	1,w	;volatile
  1445     01DC  39F8               	andlw	-8
  1446     01DD  3803               	iorlw	3
  1447     01DE  0081               	movwf	1	;volatile
  1448     01DF                     l809:
  1449                           
  1450                           ;main.c: 141:     INTCONbits.GIE = 1;
  1451     01DF  178B               	bsf	11,7	;volatile
  1452     01E0                     l811:
  1453                           
  1454                           ;main.c: 142:     INTCONbits.PEIE = 1;
  1455     01E0  170B               	bsf	11,6	;volatile
  1456     01E1                     l813:
  1457                           
  1458                           ;main.c: 143:     INTCONbits.RBIE = 1;
  1459     01E1  158B               	bsf	11,3	;volatile
  1460     01E2                     l815:
  1461                           
  1462                           ;main.c: 144:     INTCONbits.RBIF = 0;
  1463     01E2  100B               	bcf	11,0	;volatile
  1464     01E3                     l75:
  1465     01E3  0008               	return
  1466     01E4                     __end_of_setup:
  1467                           
  1468                           	psect	text6
  1469     0151                     __ptext6:	
  1470 ;; *************** function _ISR *****************
  1471 ;; Defined at:
  1472 ;;		line 50 in file "main.c"
  1473 ;; Parameters:    Size  Location     Type
  1474 ;;		None
  1475 ;; Auto vars:     Size  Location     Type
  1476 ;;		None
  1477 ;; Return value:  Size  Location     Type
  1478 ;;                  1    wreg      void 
  1479 ;; Registers used:
  1480 ;;		wreg, status,2, status,0
  1481 ;; Tracked objects:
  1482 ;;		On entry : 0/0
  1483 ;;		On exit  : 0/0
  1484 ;;		Unchanged: 0/0
  1485 ;; Data sizes:     COMMON   BANK0   BANK1   BANK3   BANK2
  1486 ;;      Params:         0       0       0       0       0
  1487 ;;      Locals:         0       0       0       0       0
  1488 ;;      Temps:          4       0       0       0       0
  1489 ;;      Totals:         4       0       0       0       0
  1490 ;;Total ram usage:        4 bytes
  1491 ;; Hardware stack levels used: 1
  1492 ;; This function calls:
  1493 ;;		Nothing
  1494 ;; This function is called by:
  1495 ;;		Interrupt level 1
  1496 ;; This function uses a non-reentrant model
  1497 ;;
  1498                           
  1499     0151                     _ISR:	
  1500                           ;psect for function _ISR
  1501                           
  1502     0151                     i1l843:
  1503                           
  1504                           ;main.c: 52:     if (INTCONbits.RBIF == 1)
  1505     0151  1C0B               	btfss	11,0	;volatile
  1506     0152  2954               	goto	u21_21
  1507     0153  2955               	goto	u21_20
  1508     0154                     u21_21:
  1509     0154  2985               	goto	i1l59
  1510     0155                     u21_20:
  1511     0155                     i1l845:
  1512                           
  1513                           ;main.c: 53:     {;main.c: 54:         if(!PORTBbits.RB0)
  1514     0155  1283               	bcf	3,5	;RP0=0, select bank0
  1515     0156  1303               	bcf	3,6	;RP1=0, select bank0
  1516     0157  1806               	btfsc	6,0	;volatile
  1517     0158  295A               	goto	u22_21
  1518     0159  295B               	goto	u22_20
  1519     015A                     u22_21:
  1520     015A  296F               	goto	i1l54
  1521     015B                     u22_20:
  1522     015B                     i1l847:
  1523                           
  1524                           ;main.c: 55:         {;main.c: 56:             _delay((unsigned long)((20)*(4000000/4000
      +                          .0)));
  1525     015B  301A               	movlw	26
  1526     015C  00F1               	movwf	??_ISR+1
  1527     015D  30F8               	movlw	248
  1528     015E  00F0               	movwf	??_ISR
  1529     015F                     u54_27:
  1530     015F  0BF0               	decfsz	??_ISR,f
  1531     0160  295F               	goto	u54_27
  1532     0161  0BF1               	decfsz	??_ISR+1,f
  1533     0162  295F               	goto	u54_27
  1534     0163  0000               	nop
  1535     0164                     i1l849:
  1536                           
  1537                           ;main.c: 57:             if(!PORTBbits.RB0)
  1538     0164  1283               	bcf	3,5	;RP0=0, select bank0
  1539     0165  1303               	bcf	3,6	;RP1=0, select bank0
  1540     0166  1806               	btfsc	6,0	;volatile
  1541     0167  2969               	goto	u23_21
  1542     0168  296A               	goto	u23_20
  1543     0169                     u23_21:
  1544     0169  2984               	goto	i1l859
  1545     016A                     u23_20:
  1546     016A                     i1l851:
  1547                           
  1548                           ;main.c: 58:             {;main.c: 59:                 PORTD ++;
  1549     016A  3001               	movlw	1
  1550     016B  00F0               	movwf	??_ISR
  1551     016C  0870               	movf	??_ISR,w
  1552     016D  0788               	addwf	8,f	;volatile
  1553     016E  2984               	goto	i1l859
  1554     016F                     i1l54:	
  1555                           ;main.c: 62:         else if(!PORTBbits.RB1)
  1556                           
  1557     016F  1886               	btfsc	6,1	;volatile
  1558     0170  2972               	goto	u24_21
  1559     0171  2973               	goto	u24_20
  1560     0172                     u24_21:
  1561     0172  2984               	goto	i1l859
  1562     0173                     u24_20:
  1563     0173                     i1l853:
  1564                           
  1565                           ;main.c: 63:         {;main.c: 64:             _delay((unsigned long)((20)*(4000000/4000
      +                          .0)));
  1566     0173  301A               	movlw	26
  1567     0174  00F1               	movwf	??_ISR+1
  1568     0175  30F8               	movlw	248
  1569     0176  00F0               	movwf	??_ISR
  1570     0177                     u55_27:
  1571     0177  0BF0               	decfsz	??_ISR,f
  1572     0178  2977               	goto	u55_27
  1573     0179  0BF1               	decfsz	??_ISR+1,f
  1574     017A  2977               	goto	u55_27
  1575     017B  0000               	nop
  1576     017C                     i1l855:
  1577                           
  1578                           ;main.c: 65:             if(!PORTBbits.RB1)
  1579     017C  1283               	bcf	3,5	;RP0=0, select bank0
  1580     017D  1303               	bcf	3,6	;RP1=0, select bank0
  1581     017E  1886               	btfsc	6,1	;volatile
  1582     017F  2981               	goto	u25_21
  1583     0180  2982               	goto	u25_20
  1584     0181                     u25_21:
  1585     0181  2984               	goto	i1l859
  1586     0182                     u25_20:
  1587     0182                     i1l857:
  1588                           
  1589                           ;main.c: 66:             {;main.c: 67:                 PORTD --;
  1590     0182  3001               	movlw	1
  1591     0183  0288               	subwf	8,f	;volatile
  1592     0184                     i1l859:
  1593                           
  1594                           ;main.c: 70:         INTCONbits.RBIF = 0;
  1595     0184  100B               	bcf	11,0	;volatile
  1596     0185                     i1l59:
  1597     0185  0873               	movf	??_ISR+3,w
  1598     0186  008A               	movwf	10
  1599     0187  0E72               	swapf	??_ISR+2,w
  1600     0188  0083               	movwf	3
  1601     0189  0EFE               	swapf	btemp,f
  1602     018A  0E7E               	swapf	btemp,w
  1603     018B  0009               	retfie
  1604     018C                     __end_of_ISR:
  1605     007E                     btemp	set	126	;btemp
  1606     007E                     wtemp0	set	126
  1607                           
  1608                           	psect	intentry
  1609     0004                     __pintentry:	
  1610                           ;incstack = 0
  1611                           ; Regs used in _ISR: [wreg+status,2+status,0]
  1612                           
  1613     0004                     interrupt_function:
  1614     007E                     saved_w	set	btemp
  1615     0004  00FE               	movwf	btemp
  1616     0005  0E03               	swapf	3,w
  1617     0006  00F2               	movwf	??_ISR+2
  1618     0007  080A               	movf	10,w
  1619     0008  00F3               	movwf	??_ISR+3
  1620     0009  120A  118A  2951   	ljmp	_ISR
  1621                           
  1622                           	psect	idloc
  1623                           
  1624                           ;Config register IDLOC0 @ 0x2000
  1625                           ;	unspecified, using default values
  1626     2000                     	org	8192
  1627     2000  3FFF               	dw	16383
  1628                           
  1629                           ;Config register IDLOC1 @ 0x2001
  1630                           ;	unspecified, using default values
  1631     2001                     	org	8193
  1632     2001  3FFF               	dw	16383
  1633                           
  1634                           ;Config register IDLOC2 @ 0x2002
  1635                           ;	unspecified, using default values
  1636     2002                     	org	8194
  1637     2002  3FFF               	dw	16383
  1638                           
  1639                           ;Config register IDLOC3 @ 0x2003
  1640                           ;	unspecified, using default values
  1641     2003                     	org	8195
  1642     2003  3FFF               	dw	16383
  1643                           
  1644                           	psect	config
  1645                           
  1646                           ;Config register CONFIG1 @ 0x2007
  1647                           ;	Oscillator Selection bits
  1648                           ;	FOSC = INTRC_NOCLKOUT, INTOSCIO oscillator: I/O function on RA6/OSC2/CLKOUT pin, I/O f
      +                          unction on RA7/OSC1/CLKIN
  1649                           ;	Watchdog Timer Enable bit
  1650                           ;	WDTE = OFF, WDT disabled and can be enabled by SWDTEN bit of the WDTCON register
  1651                           ;	Power-up Timer Enable bit
  1652                           ;	PWRTE = OFF, PWRT disabled
  1653                           ;	RE3/MCLR pin function select bit
  1654                           ;	MCLRE = OFF, RE3/MCLR pin function is digital input, MCLR internally tied to VDD
  1655                           ;	Code Protection bit
  1656                           ;	CP = OFF, Program memory code protection is disabled
  1657                           ;	Data Code Protection bit
  1658                           ;	CPD = OFF, Data memory code protection is disabled
  1659                           ;	Brown Out Reset Selection bits
  1660                           ;	BOREN = OFF, BOR disabled
  1661                           ;	Internal External Switchover bit
  1662                           ;	IESO = OFF, Internal/External Switchover mode is disabled
  1663                           ;	Fail-Safe Clock Monitor Enabled bit
  1664                           ;	FCMEN = OFF, Fail-Safe Clock Monitor is disabled
  1665                           ;	Low Voltage Programming Enable bit
  1666                           ;	LVP = OFF, RB3 pin has digital I/O, HV on MCLR must be used for programming
  1667                           ;	In-Circuit Debugger Mode bit
  1668                           ;	DEBUG = 0x1, unprogramme  1669     2007                     	org	8199
  1670     2007  20D4               	dw	8404
  1671                           
  1672                           ;Config register CONFIG2 @ 0x2008
  1673                           ;	Brown-out Reset Selection bit
  1674                           ;	BOR4V = BOR40V, Brown-out Reset set to 4.0V
  1675                           ;	Flash Program Memory Self Write Enable bits
  1676                           ;	WRT = OFF, Write protection off
  1677     2008                     	org	8200
  1678     2008  3FFF               	dw	16383

Data Sizes:
    Strings     0
    Constant    0
    Data        20
    BSS         0
    Persistent  0
    Stack       0

Auto Spaces:
    Space          Size  Autos    Used
    COMMON           14      9       9
    BANK0            80     34      54
    BANK1            80      0       0
    BANK3            96      0       0
    BANK2            96      0       0

Pointer List with Targets:

    None.

Critical Paths under _main in COMMON

    _setupMultiplex->___awdiv
    _setupMultiplex->___awmod

Critical Paths under _ISR in COMMON

    None.

Critical Paths under _main in BANK0

    _main->_setupMultiplex
    _setupMultiplex->___awdiv

Critical Paths under _ISR in BANK0

    None.

Critical Paths under _main in BANK1

    None.

Critical Paths under _ISR in BANK1

    None.

Critical Paths under _main in BANK3

    None.

Critical Paths under _ISR in BANK3

    None.

Critical Paths under _main in BANK2

    None.

Critical Paths under _ISR in BANK2

    None.

Call Graph Tables:

 ---------------------------------------------------------------------------------
 (Depth) Function   	        Calls       Base Space   Used Autos Params    Refs
 ---------------------------------------------------------------------------------
 (0) _main                                                 2     2      0     993
                                             32 BANK0      2     2      0
                              _setup
                           _setupADC
                     _setupMultiplex
 ---------------------------------------------------------------------------------
 (1) _setupMultiplex                                      28    28      0     993
                                              4 BANK0     28    28      0
                            ___awdiv
                            ___awmod
 ---------------------------------------------------------------------------------
 (2) ___awmod                                              7     3      4     448
                                              4 COMMON     5     1      4
                                              0 BANK0      2     2      0
 ---------------------------------------------------------------------------------
 (2) ___awdiv                                              9     5      4     452
                                              4 COMMON     5     1      4
                                              0 BANK0      4     4      0
 ---------------------------------------------------------------------------------
 (1) _setupADC                                             1     1      0       0
                                              4 COMMON     1     1      0
 ---------------------------------------------------------------------------------
 (1) _setup                                                0     0      0       0
 ---------------------------------------------------------------------------------
 Estimated maximum stack depth 2
 ---------------------------------------------------------------------------------
 (Depth) Function   	        Calls       Base Space   Used Autos Params    Refs
 ---------------------------------------------------------------------------------
 (3) _ISR                                                  4     4      0       0
                                              0 COMMON     4     4      0
 ---------------------------------------------------------------------------------
 Estimated maximum stack depth 3
 ---------------------------------------------------------------------------------

 Call Graph Graphs:

 _main (ROOT)
   _setup
   _setupADC
   _setupMultiplex
     ___awdiv
     ___awmod

 _ISR (ROOT)

 Address spaces:
Name               Size   Autos  Total    Cost      Usage
BANK3               60      0       0       9        0.0%
BITBANK3            60      0       0       8        0.0%
SFR3                 0      0       0       4        0.0%
BITSFR3              0      0       0       4        0.0%
BANK2               60      0       0      11        0.0%
BITBANK2            60      0       0      10        0.0%
SFR2                 0      0       0       5        0.0%
BITSFR2              0      0       0       5        0.0%
BANK1               50      0       0       7        0.0%
BITBANK1            50      0       0       6        0.0%
SFR1                 0      0       0       2        0.0%
BITSFR1              0      0       0       2        0.0%
BANK0               50     22      36       5       67.5%
BITBANK0            50      0       0       4        0.0%
SFR0                 0      0       0       1        0.0%
BITSFR0              0      0       0       1        0.0%
COMMON               E      9       9       1       64.3%
BITCOMMON            E      0       0       0        0.0%
CODE                 0      0       0       0        0.0%
DATA                 0      0      3F      12        0.0%
ABS                  0      0      3F       3        0.0%
NULL                 0      0       0       0        0.0%
STACK                0      0       0       2        0.0%
EEDATA             100      0       0       0        0.0%


Microchip Technology PIC Macro Assembler V2.40 build 20220703182018 
Symbol Table                                                                                   Wed Jan 25 23:16:04 2023

                      pc 0002                       l65 0199                       l75 01E3  
                     l67 019D                       l68 01B7                       l88 01FE  
           ___awdiv@sign 0021                       fsr 0004                      l101 008C  
                    l340 00F5                      l353 0150                      l801 01D8  
                    l811 01E0                      l803 01D9                      l813 01E1  
                    l805 01DA                      l901 00C2                      l815 01E2  
                    l807 01DB                      l903 00D3                      l911 00E7  
                    l809 01DF                      l817 01E4                      l913 00EC  
                    l905 00D9                      l921 00F9                      l819 01FA  
                    l915 00F1                      l907 00DA                      l931 010D  
                    l923 00FD                      l781 01C5                      l909 00E1  
                    l941 0125                      l933 0113                      l925 0102  
                    l791 01CC                      l783 01C6                      l775 01BC  
                    l951 0147                      l943 012F                      l935 0116  
                    l927 0104                      l919 00F6                      l793 01CF  
                    l785 01C7                      l777 01C0                      l881 0099  
                    l953 014C                      l945 0135                      l937 011D  
                    l929 0108                      l961 004E                      l795 01D0  
                    l787 01C8                      l779 01C4                      l891 00AA  
                    l883 009B                      l875 008D                      l947 013C  
                    l939 0121                      l971 0078                      l963 0064  
                    l797 01D1                      l789 01C9                      l893 00B0  
                    l885 009F                      l877 0090                      l949 0142  
                    l973 0080                      l965 006C                      l957 0021  
                    l981 0196                      l799 01D2                      l895 00B3  
                    l887 00A4                      l879 0094                      l975 0081  
                    l967 006D                      l959 0038                      l983 019E  
                    l897 00BA                      l889 00A8                      l977 0089  
                    l969 0075                      l985 01A3                      l899 00BE  
                    l987 01AD                      l979 018C                      l989 01B5  
                    u300 00B0                      u301 00AF                      u320 00C2  
                    u400 0113                      u321 00C1                      u401 0112  
                    u315 00B4                      u340 00D3                      u420 0125  
                    u341 00D2                      u421 0124                      u430 012F  
                    u335 00C3                      u431 012E                      u415 0117  
                    u360 00E7                      u280 0094                      u361 00E6  
                    u345 00CF                      u281 0093                      u370 00EC  
                    u290 009F                      u450 0142                      u371 00EB  
                    u355 00DB                      u291 009E                      u451 0141  
                    u435 012B                      u507 01A9                      u460 0147  
                    u380 00FD                      _ISR 0151                      u461 0146  
                    u445 0136                      u381 00FC                      u517 0071  
                    u390 0108                      u470 002B                      u391 0107  
                    u527 0085                      u480 019D                      u537 01FC  
                    u481 019C                      u490 01B5                      u491 01B4  
                    fsr0 0004                      indf 0000             ___awmod@sign 0021  
                   ?_ISR 0070                     _ADIF 0066                     _IOCB 0096  
                   i1l54 016F                     i1l59 0185                     _main 018C  
                   btemp 007E                     start 000C                    ??_ISR 0070  
                  ?_main 0070          __end_of___awdiv 00F6          __end_of___awmod 0151  
                  _ANSEL 0188          ___awdiv@divisor 0074                    i1l851 016A  
                  i1l843 0151                    i1l853 0173                    i1l845 0155  
                  i1l855 017C                    i1l847 015B                    i1l857 0182  
                  i1l849 0164                    i1l859 0184          ___awdiv@counter 0020  
                  u21_20 0155                    u21_21 0154                    u22_20 015B  
                  u22_21 015A                    u23_20 016A                    u23_21 0169  
                  u24_20 0173                    u24_21 0172                    u25_20 0182  
                  u25_21 0181                    _PORTB 0006                    _PORTC 0007  
                  _PORTD 0008                    _PORTE 0009                    u54_27 015F  
                  u55_27 0177                    _TRISB 0086                    _TRISC 0087  
                  _TRISD 0088                    _TRISE 0089                    _setup 01BC  
                  pclath 000A                    status 0003                    wtemp0 007E  
        __initialization 000F             __end_of_main 01BC                   ??_main 0040  
                 _ADRESH 001E         ___awdiv@dividend 0076                   ?_setup 0070  
                 _ANSELH 0189         ??_setupMultiplex 0024                ??___awdiv 0078  
              ??___awmod 0078         ___awdiv@quotient 0022          ___awmod@divisor 0074  
        ___awmod@counter 0020         __end_of_setupADC 01FF                   saved_w 007E  
__end_of__initialization 001D           __pcstackCOMMON 0070             __pidataBANK0 01FF  
          __end_of_setup 01E4           _OPTION_REGbits 0081                  ??_setup 0074  
             __pmaintext 018C               __pintentry 0004                ?_setupADC 0070  
                ___awdiv 008D                  ___awmod 00F6                _ANSELbits 0188  
                __ptext1 0021                  __ptext2 00F6                  __ptext3 008D  
                __ptext4 01E4                  __ptext5 01BC                  __ptext6 0151  
       ___awmod@dividend 0076     end_of_initialization 001D               ??_setupADC 0074  
              _PORTBbits 0006                _PORTEbits 0009                _TRISAbits 0085  
 setupMultiplex@unidades 003C      start_initialization 000F              __end_of_ISR 018C  
             init_fetch0 0213              __pdataBANK0 0042                ___latbits 0002  
          __pcstackBANK0 0020      setupMultiplex@F1296 0042                 ?___awdiv 0074  
               ?___awmod 0074        interrupt_function 0004    setupMultiplex@decenas 003E  
             _ADCON0bits 001F               _ADCON1bits 009F                 _WPUBbits 0095  
  setupMultiplex@numeros 0028           _setupMultiplex 0021   __end_of_setupMultiplex 008D  
               _setupADC 01E4               _INTCONbits 000B                 init_ram0 0217  
               intlevel1 0000          ?_setupMultiplex 0070               _OSCCONbits 008F  
